<?xml version="1.0" encoding="UTF-8"?>
<testng-results skipped="0" failed="1" ignored="0" total="3" passed="2">
  <reporter-output>
  </reporter-output>
  <suite name="Suite" duration-ms="86822" started-at="2020-04-22T19:04:16 IST" finished-at="2020-04-22T19:05:43 IST">
    <groups>
    </groups>
    <test name="Test" duration-ms="86822" started-at="2020-04-22T19:04:16 IST" finished-at="2020-04-22T19:05:43 IST">
      <class name="scripts.Addingproducttocart">
        <test-method status="PASS" signature="openapp()[pri:0, instance:scripts.Addingproducttocart@22a67b4]" name="openapp" is-config="true" duration-ms="15590" started-at="2020-04-22T19:04:16 IST" finished-at="2020-04-22T19:04:31 IST">
          <reporter-output>
          </reporter-output>
        </test-method> <!-- openapp -->
        <test-method status="PASS" signature="addingtocart()[pri:0, instance:scripts.Addingproducttocart@22a67b4]" name="addingtocart" duration-ms="24107" started-at="2020-04-22T19:04:31 IST" finished-at="2020-04-22T19:04:56 IST">
          <reporter-output>
          </reporter-output>
        </test-method> <!-- addingtocart -->
        <test-method status="PASS" signature="closeapp(org.testng.ITestResult)[pri:0, instance:scripts.Addingproducttocart@22a67b4]" name="closeapp" is-config="true" duration-ms="301" started-at="2020-04-22T19:04:56 IST" finished-at="2020-04-22T19:04:56 IST">
          <params>
            <param index="0">
              <value>
                <![CDATA[[TestResult name=addingtocart status=SUCCESS method=Addingproducttocart.addingtocart()[pri:0, instance:scripts.Addingproducttocart@22a67b4] output={null}]]]>
              </value>
            </param>
          </params>
          <reporter-output>
          </reporter-output>
        </test-method> <!-- closeapp -->
      </class> <!-- scripts.Addingproducttocart -->
      <class name="scripts.Deliveryoftheproduct">
        <test-method status="PASS" signature="openapp()[pri:0, instance:scripts.Deliveryoftheproduct@3b084709]" name="openapp" is-config="true" duration-ms="14207" started-at="2020-04-22T19:05:13 IST" finished-at="2020-04-22T19:05:27 IST">
          <reporter-output>
          </reporter-output>
        </test-method> <!-- openapp -->
        <test-method status="PASS" signature="deliveryproduct()[pri:0, instance:scripts.Deliveryoftheproduct@3b084709]" name="deliveryproduct" duration-ms="13248" started-at="2020-04-22T19:05:27 IST" finished-at="2020-04-22T19:05:40 IST">
          <reporter-output>
          </reporter-output>
        </test-method> <!-- deliveryproduct -->
        <test-method status="PASS" signature="closeapp(org.testng.ITestResult)[pri:0, instance:scripts.Deliveryoftheproduct@3b084709]" name="closeapp" is-config="true" duration-ms="2417" started-at="2020-04-22T19:05:40 IST" finished-at="2020-04-22T19:05:43 IST">
          <params>
            <param index="0">
              <value>
                <![CDATA[[TestResult name=deliveryproduct status=SUCCESS method=Deliveryoftheproduct.deliveryproduct()[pri:0, instance:scripts.Deliveryoftheproduct@3b084709] output={null}]]]>
              </value>
            </param>
          </params>
          <reporter-output>
          </reporter-output>
        </test-method> <!-- closeapp -->
      </class> <!-- scripts.Deliveryoftheproduct -->
      <class name="scripts.Invalidlogin">
        <test-method status="PASS" signature="openapp()[pri:0, instance:scripts.Invalidlogin@57855c9a]" name="openapp" is-config="true" duration-ms="13785" started-at="2020-04-22T19:04:56 IST" finished-at="2020-04-22T19:05:10 IST">
          <reporter-output>
          </reporter-output>
        </test-method> <!-- openapp -->
        <test-method status="FAIL" signature="invalid()[pri:0, instance:scripts.Invalidlogin@57855c9a]" name="invalid" duration-ms="41" started-at="2020-04-22T19:05:10 IST" finished-at="2020-04-22T19:05:10 IST">
          <exception class="java.lang.IllegalArgumentException">
            <message>
              <![CDATA[Keys to send should be a not null CharSequence]]>
            </message>
            <full-stacktrace>
              <![CDATA[java.lang.IllegalArgumentException: Keys to send should be a not null CharSequence
at org.openqa.selenium.remote.RemoteWebElement.sendKeys(RemoteWebElement.java:97)
at sun.reflect.NativeMethodAccessorImpl.invoke0(Native Method)
at sun.reflect.NativeMethodAccessorImpl.invoke(Unknown Source)
at sun.reflect.DelegatingMethodAccessorImpl.invoke(Unknown Source)
at java.lang.reflect.Method.invoke(Unknown Source)
at org.openqa.selenium.support.pagefactory.internal.LocatingElementHandler.invoke(LocatingElementHandler.java:51)
at com.sun.proxy.$Proxy9.sendKeys(Unknown Source)
at pages.Loginpage.enteremail(Loginpage.java:46)
at scripts.Invalidlogin.invalid(Invalidlogin.java:18)
at sun.reflect.NativeMethodAccessorImpl.invoke0(Native Method)
at sun.reflect.NativeMethodAccessorImpl.invoke(Unknown Source)
at sun.reflect.DelegatingMethodAccessorImpl.invoke(Unknown Source)
at java.lang.reflect.Method.invoke(Unknown Source)
at org.testng.internal.MethodInvocationHelper.invokeMethod(MethodInvocationHelper.java:133)
at org.testng.internal.TestInvoker.invokeMethod(TestInvoker.java:584)
at org.testng.internal.TestInvoker.invokeTestMethod(TestInvoker.java:172)
at org.testng.internal.MethodRunner.runInSequence(MethodRunner.java:46)
at org.testng.internal.TestInvoker$MethodInvocationAgent.invoke(TestInvoker.java:804)
at org.testng.internal.TestInvoker.invokeTestMethods(TestInvoker.java:145)
at org.testng.internal.TestMethodWorker.invokeTestMethods(TestMethodWorker.java:146)
at org.testng.internal.TestMethodWorker.run(TestMethodWorker.java:128)
at java.util.ArrayList.forEach(Unknown Source)
at org.testng.TestRunner.privateRun(TestRunner.java:770)
at org.testng.TestRunner.run(TestRunner.java:591)
at org.testng.SuiteRunner.runTest(SuiteRunner.java:402)
at org.testng.SuiteRunner.runSequentially(SuiteRunner.java:396)
at org.testng.SuiteRunner.privateRun(SuiteRunner.java:355)
at org.testng.SuiteRunner.run(SuiteRunner.java:304)
at org.testng.SuiteRunnerWorker.runSuite(SuiteRunnerWorker.java:53)
at org.testng.SuiteRunnerWorker.run(SuiteRunnerWorker.java:96)
at org.testng.TestNG.runSuitesSequentially(TestNG.java:1180)
at org.testng.TestNG.runSuitesLocally(TestNG.java:1102)
at org.testng.TestNG.runSuites(TestNG.java:1032)
at org.testng.TestNG.run(TestNG.java:1000)
at org.testng.remote.AbstractRemoteTestNG.run(AbstractRemoteTestNG.java:115)
at org.testng.remote.RemoteTestNG.initAndRun(RemoteTestNG.java:251)
at org.testng.remote.RemoteTestNG.main(RemoteTestNG.java:77)
]]>
            </full-stacktrace>
          </exception> <!-- java.lang.IllegalArgumentException -->
          <reporter-output>
          </reporter-output>
        </test-method> <!-- invalid -->
        <test-method status="PASS" signature="closeapp(org.testng.ITestResult)[pri:0, instance:scripts.Invalidlogin@57855c9a]" name="closeapp" is-config="true" duration-ms="3018" started-at="2020-04-22T19:05:10 IST" finished-at="2020-04-22T19:05:13 IST">
          <params>
            <param index="0">
              <value>
                <![CDATA[[TestResult name=invalid status=FAILURE method=Invalidlogin.invalid()[pri:0, instance:scripts.Invalidlogin@57855c9a] output={null}]]]>
              </value>
            </param>
          </params>
          <reporter-output>
          </reporter-output>
        </test-method> <!-- closeapp -->
      </class> <!-- scripts.Invalidlogin -->
    </test> <!-- Test -->
  </suite> <!-- Suite -->
</testng-results>
